
ROM used:   2158/8192 (26%)
            2365/8192 (29%) including unused fragments

            0.6 Average locations per line
            3.1 Average locations per statement

RAM used:   34/368 (9%) at main() level
            54/368 (15%) worst case

Stack used: 9 worst case (7 in main + 2 for interrupts)
Stack size: 8

Lines Stmts  %   Files
----- ----- ---  -----
  375   227  33  main.c
    9     0   0  main.h
  671     0   0  C:\Program Files (x86)\PICC\Devices\16F877A.h
  265    96  14  lcd.h
 2229   257  37  C:\Program Files (x86)\PICC\Drivers\math.h
  183   107  16  Keypad.h
----- -----
 3732   687 Total

Page ROM  %  RAM   Vol Diff  Functions:
---- --- --- ---   --- ----  ----------
0     21   1    1             @delay_ms2
0      8   0    0             @const786
 Inline         2   594  4.3  lcd_init
 Inline         3   620  3.8  lcd_read_byte
0     49   2    2   204  3.2  lcd_read_nibble
0     93   4    3   392  5.3  lcd_send_byte
0     47   2    1   336  1.9  lcd_send_nibble
0     35   2    4   335  5.5  lcd_gotoxy
0     42   2    1   272  4.1  lcd_putc
0     47   2    2   292  3.7  _DieuKhienCot
0      8   0    0             @goto11238
 Inline         1   110  3.4  _KhoiDongBanPhim
0     20   1    0             @const803
0    318  15    2  3412  5.8  _QuetPhimNhan
 Inline         4   119  3.5  eeprom_write_string
0     36   2    8   237  6.3  eeprom_read_string
0     13   1    1    43  1.1  EXT_isr
1    317  15    1  1892  8.3  MAIN
0      2   0    0             @const843
0     86   4    4             @PSTRINGC7_781
0      2   0    0             @const845
0      2   0    0             @const846
0      2   0    0             @const847
 Inline         0   163  1.7  init_screen
0      2   0    0             @const848
0      4   0    0             @const849
0      2   0    0             @const850
0      6   0    0             @const851
 Inline         2   110  1.6  init_variable
0      5   0    0             @const852
0    139   6    0    21  1.0  Init_system
0     21   1    0    90  1.5  menu_TypingPass
0      5   0    0             @const853
0    102   5    3   670  8.2  TypingPass
0     39   2    3   244  5.5  CheckPass
0     16   1    0    61  1.4  CorrectPassword
0      4   0    0             @const858
0     13   1    0    50  1.5  device_Unlock
0     13   1    0    50  1.5  device_Lock
0     13   1    0    50  1.5  device_Alert
0     13   1    0    50  1.5  device_Alert_Stop
0    123   6    1   627  2.8  IncorrectPassword
0      5   0    0             @const859
0      7   0    0             @const860
0      5   0    0             @const861
0      4   0    0             @const862
0      9   0    0             @const863
0    333  15    4  1833  6.8  ChangePass
0      1   0    0             @const865
0      7   0    0             @const866
0      1   0    0             @const868
0      4   0    0             @const869
0      1   0    0             @const870
0      8   0    0             @const871
0      1   0    0             @const872
0      8   0    0             @const873
0      7   0    0             @const874
0      1   0    0             @const875
0      9   0    0             @const876
 Inline         0             @cinit1

Program metrics:
    Functions               27
    Statements              687
    Comments                609
    Volume (V)              21258
    Difficulty (D)          95.3
    Effort to implement (E) 2025866
    Time to implement (T)   31 hours, 16 minutes
    Est Delivered Bugs (B)  5
    Cyclomatic Complexity   52
    Maintainability (MI)    127

 Segment     Used  Free
-----------  ----  ----
00000-00003     4  0  
00004-0004E    75  0  
0004F-007FF  1762  207  
00800-00FFF   317  1731  
01000-017FF     0  2048  
01800-01FFF     0  2048  



